16:13:55

school solution#User solution#result#Test name

0		0		passed		\BaraksTests\if\01.sjava		
1		1		passed		\BaraksTests\if\02.sjava		
0		0		passed		\BaraksTests\if\03.sjava		
0		0		passed		\BaraksTests\if\04.sjava		
0		0		passed		\BaraksTests\if\05.sjava		
0		0		passed		\BaraksTests\if\06.sjava		
0		0		passed		\BaraksTests\if\07.sjava		
0		0		passed		\BaraksTests\if\08.sjava		
0		0		passed		\BaraksTests\if\09.sjava		
0		0		passed		\BaraksTests\if\10.sjava		
0		0		passed		\BaraksTests\if\11.sjava		
1		1		passed		\BaraksTests\if\12.sjava		
1		1		passed		\BaraksTests\if\13.sjava		
0		1		failed		\BaraksTests\if\14.sjava		##################################
1		1		passed		\BaraksTests\if\15.sjava		
1		1		passed		\BaraksTests\if\16.sjava		
1		1		passed		\BaraksTests\if\17.sjava		
1		1		passed		\BaraksTests\if\18.sjava		
1		1		passed		\BaraksTests\if\22.sjava		
1		1		passed		\BaraksTests\if\23.sjava		
1		1		passed		\BaraksTests\if\24.sjava		
1		1		passed		\BaraksTests\if\25.sjava		
1		1		passed		\BaraksTests\if\26.sjava		
1		1		passed		\BaraksTests\if\27.sjava		
1		1		passed		\BaraksTests\if\28.sjava		
0		0		passed		\BaraksTests\if\29.sjava		
0		1		failed		\BaraksTests\if\30.sjava		##################################
1		1		passed		\BaraksTests\if\31.sjava		
0		0		passed		\BaraksTests\methods\01.sjava		
1		1		passed		\BaraksTests\methods\02.sjava		
0		0		passed		\BaraksTests\methods\03.sjava		
0		0		passed		\BaraksTests\methods\04.sjava		
0		0		passed		\BaraksTests\methods\06.sjava		
0		0		passed		\BaraksTests\methods\07.sjava		
1		0		failed		\BaraksTests\methods\08.sjava		##################################
1		1		passed		\BaraksTests\methods\09.sjava		
1		1		passed		\BaraksTests\methods\10.sjava		
1		0		failed		\BaraksTests\methods\11.sjava		##################################
1		1		passed		\BaraksTests\methods\12.sjava		
1		1		passed		\BaraksTests\methods\13.sjava		
0		0		passed		\BaraksTests\methods\14.sjava		
1		0		failed		\BaraksTests\methods\16.sjava		##################################
1		1		passed		\BaraksTests\methods\17.sjava		

while testing \BaraksTests\methods\18.sjava, Your program printed something that is not '1' or '0' or '2'.
The prints were:

java.lang.IllegalArgumentException: 5 > 3
	at java.base/java.util.Arrays.copyOfRange(Arrays.java:3782)
	at java.base/java.util.Arrays.copyOfRange(Arrays.java:3742)
	at ex5.utils.SubScopeExtractor.getSubScopeCodeBlock(SubScopeExtractor.java:35)
	at ex5.components.Scope.extractSubScopeCodeBlock(Scope.java:173)
	at ex5.components.Scope.parseCodeBlock(Scope.java:118)
	at ex5.main.Sjavac.main(Sjavac.java:28)
	at ex5.main.Tester_ex6_oop.runTestWithOnUser(Tester_ex6_oop.java:304)
	at ex5.main.Tester_ex6_oop.doOneTest(Tester_ex6_oop.java:209)
	at ex5.main.Tester_ex6_oop.runAllTests(Tester_ex6_oop.java:102)
	at java.base/jdk.internal.reflect.NativeMethodAccessorImpl.invoke0(Native Method)
	at java.base/jdk.internal.reflect.NativeMethodAccessorImpl.invoke(NativeMethodAccessorImpl.java:77)
	at java.base/jdk.internal.reflect.DelegatingMethodAccessorImpl.invoke(DelegatingMethodAccessorImpl.java:43)
	at java.base/java.lang.reflect.Method.invoke(Method.java:569)
	at org.junit.runners.model.FrameworkMethod$1.runReflectiveCall(FrameworkMethod.java:59)
	at org.junit.internal.runners.model.ReflectiveCallable.run(ReflectiveCallable.java:12)
	at org.junit.runners.model.FrameworkMethod.invokeExplosively(FrameworkMethod.java:56)
	at org.junit.internal.runners.statements.InvokeMethod.evaluate(InvokeMethod.java:17)
	at org.junit.runners.ParentRunner$3.evaluate(ParentRunner.java:306)
	at org.junit.runners.BlockJUnit4ClassRunner$1.evaluate(BlockJUnit4ClassRunner.java:100)
	at org.junit.runners.ParentRunner.runLeaf(ParentRunner.java:366)
	at org.junit.runners.BlockJUnit4ClassRunner.runChild(BlockJUnit4ClassRunner.java:103)
	at org.junit.runners.BlockJUnit4ClassRunner.runChild(BlockJUnit4ClassRunner.java:63)
	at org.junit.runners.ParentRunner$4.run(ParentRunner.java:331)
	at org.junit.runners.ParentRunner$1.schedule(ParentRunner.java:79)
	at org.junit.runners.ParentRunner.runChildren(ParentRunner.java:329)
	at org.junit.runners.ParentRunner.access$100(ParentRunner.java:66)
	at org.junit.runners.ParentRunner$2.evaluate(ParentRunner.java:293)
	at org.junit.runners.ParentRunner$3.evaluate(ParentRunner.java:306)
	at org.junit.runners.ParentRunner.run(ParentRunner.java:413)
	at org.junit.runner.JUnitCore.run(JUnitCore.java:137)
	at com.intellij.junit4.JUnit4IdeaTestRunner.startRunnerWithArgs(JUnit4IdeaTestRunner.java:69)
	at com.intellij.rt.junit.IdeaTestRunner$Repeater$1.execute(IdeaTestRunner.java:38)
	at com.intellij.rt.execution.junit.TestsRepeater.repeat(TestsRepeater.java:11)
	at com.intellij.rt.junit.IdeaTestRunner$Repeater.startRunnerWithArgs(IdeaTestRunner.java:35)
	at com.intellij.rt.junit.JUnitStarter.prepareStreamsAndStart(JUnitStarter.java:237)
	at com.intellij.rt.junit.JUnitStarter.main(JUnitStarter.java:58)


while testing \BaraksTests\methods\19.sjava, Your program printed something that is not '1' or '0' or '2'.
The prints were:

java.lang.IllegalArgumentException: 5 > 3
	at java.base/java.util.Arrays.copyOfRange(Arrays.java:3782)
	at java.base/java.util.Arrays.copyOfRange(Arrays.java:3742)
	at ex5.utils.SubScopeExtractor.getSubScopeCodeBlock(SubScopeExtractor.java:35)
	at ex5.components.Scope.extractSubScopeCodeBlock(Scope.java:173)
	at ex5.components.Scope.parseCodeBlock(Scope.java:118)
	at ex5.main.Sjavac.main(Sjavac.java:28)
	at ex5.main.Tester_ex6_oop.runTestWithOnUser(Tester_ex6_oop.java:304)
	at ex5.main.Tester_ex6_oop.doOneTest(Tester_ex6_oop.java:209)
	at ex5.main.Tester_ex6_oop.runAllTests(Tester_ex6_oop.java:102)
	at java.base/jdk.internal.reflect.NativeMethodAccessorImpl.invoke0(Native Method)
	at java.base/jdk.internal.reflect.NativeMethodAccessorImpl.invoke(NativeMethodAccessorImpl.java:77)
	at java.base/jdk.internal.reflect.DelegatingMethodAccessorImpl.invoke(DelegatingMethodAccessorImpl.java:43)
	at java.base/java.lang.reflect.Method.invoke(Method.java:569)
	at org.junit.runners.model.FrameworkMethod$1.runReflectiveCall(FrameworkMethod.java:59)
	at org.junit.internal.runners.model.ReflectiveCallable.run(ReflectiveCallable.java:12)
	at org.junit.runners.model.FrameworkMethod.invokeExplosively(FrameworkMethod.java:56)
	at org.junit.internal.runners.statements.InvokeMethod.evaluate(InvokeMethod.java:17)
	at org.junit.runners.ParentRunner$3.evaluate(ParentRunner.java:306)
	at org.junit.runners.BlockJUnit4ClassRunner$1.evaluate(BlockJUnit4ClassRunner.java:100)
	at org.junit.runners.ParentRunner.runLeaf(ParentRunner.java:366)
	at org.junit.runners.BlockJUnit4ClassRunner.runChild(BlockJUnit4ClassRunner.java:103)
	at org.junit.runners.BlockJUnit4ClassRunner.runChild(BlockJUnit4ClassRunner.java:63)
	at org.junit.runners.ParentRunner$4.run(ParentRunner.java:331)
	at org.junit.runners.ParentRunner$1.schedule(ParentRunner.java:79)
	at org.junit.runners.ParentRunner.runChildren(ParentRunner.java:329)
	at org.junit.runners.ParentRunner.access$100(ParentRunner.java:66)
	at org.junit.runners.ParentRunner$2.evaluate(ParentRunner.java:293)
	at org.junit.runners.ParentRunner$3.evaluate(ParentRunner.java:306)
	at org.junit.runners.ParentRunner.run(ParentRunner.java:413)
	at org.junit.runner.JUnitCore.run(JUnitCore.java:137)
	at com.intellij.junit4.JUnit4IdeaTestRunner.startRunnerWithArgs(JUnit4IdeaTestRunner.java:69)
	at com.intellij.rt.junit.IdeaTestRunner$Repeater$1.execute(IdeaTestRunner.java:38)
	at com.intellij.rt.execution.junit.TestsRepeater.repeat(TestsRepeater.java:11)
	at com.intellij.rt.junit.IdeaTestRunner$Repeater.startRunnerWithArgs(IdeaTestRunner.java:35)
	at com.intellij.rt.junit.JUnitStarter.prepareStreamsAndStart(JUnitStarter.java:237)
	at com.intellij.rt.junit.JUnitStarter.main(JUnitStarter.java:58)


while testing \BaraksTests\methods\20.sjava, Your program printed something that is not '1' or '0' or '2'.
The prints were:

java.lang.IllegalArgumentException: 5 > 3
	at java.base/java.util.Arrays.copyOfRange(Arrays.java:3782)
	at java.base/java.util.Arrays.copyOfRange(Arrays.java:3742)
	at ex5.utils.SubScopeExtractor.getSubScopeCodeBlock(SubScopeExtractor.java:35)
	at ex5.components.Scope.extractSubScopeCodeBlock(Scope.java:173)
	at ex5.components.Scope.parseCodeBlock(Scope.java:118)
	at ex5.main.Sjavac.main(Sjavac.java:28)
	at ex5.main.Tester_ex6_oop.runTestWithOnUser(Tester_ex6_oop.java:304)
	at ex5.main.Tester_ex6_oop.doOneTest(Tester_ex6_oop.java:209)
	at ex5.main.Tester_ex6_oop.runAllTests(Tester_ex6_oop.java:102)
	at java.base/jdk.internal.reflect.NativeMethodAccessorImpl.invoke0(Native Method)
	at java.base/jdk.internal.reflect.NativeMethodAccessorImpl.invoke(NativeMethodAccessorImpl.java:77)
	at java.base/jdk.internal.reflect.DelegatingMethodAccessorImpl.invoke(DelegatingMethodAccessorImpl.java:43)
	at java.base/java.lang.reflect.Method.invoke(Method.java:569)
	at org.junit.runners.model.FrameworkMethod$1.runReflectiveCall(FrameworkMethod.java:59)
	at org.junit.internal.runners.model.ReflectiveCallable.run(ReflectiveCallable.java:12)
	at org.junit.runners.model.FrameworkMethod.invokeExplosively(FrameworkMethod.java:56)
	at org.junit.internal.runners.statements.InvokeMethod.evaluate(InvokeMethod.java:17)
	at org.junit.runners.ParentRunner$3.evaluate(ParentRunner.java:306)
	at org.junit.runners.BlockJUnit4ClassRunner$1.evaluate(BlockJUnit4ClassRunner.java:100)
	at org.junit.runners.ParentRunner.runLeaf(ParentRunner.java:366)
	at org.junit.runners.BlockJUnit4ClassRunner.runChild(BlockJUnit4ClassRunner.java:103)
	at org.junit.runners.BlockJUnit4ClassRunner.runChild(BlockJUnit4ClassRunner.java:63)
	at org.junit.runners.ParentRunner$4.run(ParentRunner.java:331)
	at org.junit.runners.ParentRunner$1.schedule(ParentRunner.java:79)
	at org.junit.runners.ParentRunner.runChildren(ParentRunner.java:329)
	at org.junit.runners.ParentRunner.access$100(ParentRunner.java:66)
	at org.junit.runners.ParentRunner$2.evaluate(ParentRunner.java:293)
	at org.junit.runners.ParentRunner$3.evaluate(ParentRunner.java:306)
	at org.junit.runners.ParentRunner.run(ParentRunner.java:413)
	at org.junit.runner.JUnitCore.run(JUnitCore.java:137)
	at com.intellij.junit4.JUnit4IdeaTestRunner.startRunnerWithArgs(JUnit4IdeaTestRunner.java:69)
	at com.intellij.rt.junit.IdeaTestRunner$Repeater$1.execute(IdeaTestRunner.java:38)
	at com.intellij.rt.execution.junit.TestsRepeater.repeat(TestsRepeater.java:11)
	at com.intellij.rt.junit.IdeaTestRunner$Repeater.startRunnerWithArgs(IdeaTestRunner.java:35)
	at com.intellij.rt.junit.JUnitStarter.prepareStreamsAndStart(JUnitStarter.java:237)
	at com.intellij.rt.junit.JUnitStarter.main(JUnitStarter.java:58)


while testing \BaraksTests\methods\21.sjava, Your program printed something that is not '1' or '0' or '2'.
The prints were:

java.lang.IllegalArgumentException: 5 > 3
	at java.base/java.util.Arrays.copyOfRange(Arrays.java:3782)
	at java.base/java.util.Arrays.copyOfRange(Arrays.java:3742)
	at ex5.utils.SubScopeExtractor.getSubScopeCodeBlock(SubScopeExtractor.java:35)
	at ex5.components.Scope.extractSubScopeCodeBlock(Scope.java:173)
	at ex5.components.Scope.parseCodeBlock(Scope.java:118)
	at ex5.main.Sjavac.main(Sjavac.java:28)
	at ex5.main.Tester_ex6_oop.runTestWithOnUser(Tester_ex6_oop.java:304)
	at ex5.main.Tester_ex6_oop.doOneTest(Tester_ex6_oop.java:209)
	at ex5.main.Tester_ex6_oop.runAllTests(Tester_ex6_oop.java:102)
	at java.base/jdk.internal.reflect.NativeMethodAccessorImpl.invoke0(Native Method)
	at java.base/jdk.internal.reflect.NativeMethodAccessorImpl.invoke(NativeMethodAccessorImpl.java:77)
	at java.base/jdk.internal.reflect.DelegatingMethodAccessorImpl.invoke(DelegatingMethodAccessorImpl.java:43)
	at java.base/java.lang.reflect.Method.invoke(Method.java:569)
	at org.junit.runners.model.FrameworkMethod$1.runReflectiveCall(FrameworkMethod.java:59)
	at org.junit.internal.runners.model.ReflectiveCallable.run(ReflectiveCallable.java:12)
	at org.junit.runners.model.FrameworkMethod.invokeExplosively(FrameworkMethod.java:56)
	at org.junit.internal.runners.statements.InvokeMethod.evaluate(InvokeMethod.java:17)
	at org.junit.runners.ParentRunner$3.evaluate(ParentRunner.java:306)
	at org.junit.runners.BlockJUnit4ClassRunner$1.evaluate(BlockJUnit4ClassRunner.java:100)
	at org.junit.runners.ParentRunner.runLeaf(ParentRunner.java:366)
	at org.junit.runners.BlockJUnit4ClassRunner.runChild(BlockJUnit4ClassRunner.java:103)
	at org.junit.runners.BlockJUnit4ClassRunner.runChild(BlockJUnit4ClassRunner.java:63)
	at org.junit.runners.ParentRunner$4.run(ParentRunner.java:331)
	at org.junit.runners.ParentRunner$1.schedule(ParentRunner.java:79)
	at org.junit.runners.ParentRunner.runChildren(ParentRunner.java:329)
	at org.junit.runners.ParentRunner.access$100(ParentRunner.java:66)
	at org.junit.runners.ParentRunner$2.evaluate(ParentRunner.java:293)
	at org.junit.runners.ParentRunner$3.evaluate(ParentRunner.java:306)
	at org.junit.runners.ParentRunner.run(ParentRunner.java:413)
	at org.junit.runner.JUnitCore.run(JUnitCore.java:137)
	at com.intellij.junit4.JUnit4IdeaTestRunner.startRunnerWithArgs(JUnit4IdeaTestRunner.java:69)
	at com.intellij.rt.junit.IdeaTestRunner$Repeater$1.execute(IdeaTestRunner.java:38)
	at com.intellij.rt.execution.junit.TestsRepeater.repeat(TestsRepeater.java:11)
	at com.intellij.rt.junit.IdeaTestRunner$Repeater.startRunnerWithArgs(IdeaTestRunner.java:35)
	at com.intellij.rt.junit.JUnitStarter.prepareStreamsAndStart(JUnitStarter.java:237)
	at com.intellij.rt.junit.JUnitStarter.main(JUnitStarter.java:58)


while testing \BaraksTests\methods\22.sjava, Your program printed something that is not '1' or '0' or '2'.
The prints were:

java.lang.IllegalArgumentException: 5 > 3
	at java.base/java.util.Arrays.copyOfRange(Arrays.java:3782)
	at java.base/java.util.Arrays.copyOfRange(Arrays.java:3742)
	at ex5.utils.SubScopeExtractor.getSubScopeCodeBlock(SubScopeExtractor.java:35)
	at ex5.components.Scope.extractSubScopeCodeBlock(Scope.java:173)
	at ex5.components.Scope.parseCodeBlock(Scope.java:118)
	at ex5.main.Sjavac.main(Sjavac.java:28)
	at ex5.main.Tester_ex6_oop.runTestWithOnUser(Tester_ex6_oop.java:304)
	at ex5.main.Tester_ex6_oop.doOneTest(Tester_ex6_oop.java:209)
	at ex5.main.Tester_ex6_oop.runAllTests(Tester_ex6_oop.java:102)
	at java.base/jdk.internal.reflect.NativeMethodAccessorImpl.invoke0(Native Method)
	at java.base/jdk.internal.reflect.NativeMethodAccessorImpl.invoke(NativeMethodAccessorImpl.java:77)
	at java.base/jdk.internal.reflect.DelegatingMethodAccessorImpl.invoke(DelegatingMethodAccessorImpl.java:43)
	at java.base/java.lang.reflect.Method.invoke(Method.java:569)
	at org.junit.runners.model.FrameworkMethod$1.runReflectiveCall(FrameworkMethod.java:59)
	at org.junit.internal.runners.model.ReflectiveCallable.run(ReflectiveCallable.java:12)
	at org.junit.runners.model.FrameworkMethod.invokeExplosively(FrameworkMethod.java:56)
	at org.junit.internal.runners.statements.InvokeMethod.evaluate(InvokeMethod.java:17)
	at org.junit.runners.ParentRunner$3.evaluate(ParentRunner.java:306)
	at org.junit.runners.BlockJUnit4ClassRunner$1.evaluate(BlockJUnit4ClassRunner.java:100)
	at org.junit.runners.ParentRunner.runLeaf(ParentRunner.java:366)
	at org.junit.runners.BlockJUnit4ClassRunner.runChild(BlockJUnit4ClassRunner.java:103)
	at org.junit.runners.BlockJUnit4ClassRunner.runChild(BlockJUnit4ClassRunner.java:63)
	at org.junit.runners.ParentRunner$4.run(ParentRunner.java:331)
	at org.junit.runners.ParentRunner$1.schedule(ParentRunner.java:79)
	at org.junit.runners.ParentRunner.runChildren(ParentRunner.java:329)
	at org.junit.runners.ParentRunner.access$100(ParentRunner.java:66)
	at org.junit.runners.ParentRunner$2.evaluate(ParentRunner.java:293)
	at org.junit.runners.ParentRunner$3.evaluate(ParentRunner.java:306)
	at org.junit.runners.ParentRunner.run(ParentRunner.java:413)
	at org.junit.runner.JUnitCore.run(JUnitCore.java:137)
	at com.intellij.junit4.JUnit4IdeaTestRunner.startRunnerWithArgs(JUnit4IdeaTestRunner.java:69)
	at com.intellij.rt.junit.IdeaTestRunner$Repeater$1.execute(IdeaTestRunner.java:38)
	at com.intellij.rt.execution.junit.TestsRepeater.repeat(TestsRepeater.java:11)
	at com.intellij.rt.junit.IdeaTestRunner$Repeater.startRunnerWithArgs(IdeaTestRunner.java:35)
	at com.intellij.rt.junit.JUnitStarter.prepareStreamsAndStart(JUnitStarter.java:237)
	at com.intellij.rt.junit.JUnitStarter.main(JUnitStarter.java:58)


while testing \BaraksTests\methods\23.sjava, Your program printed something that is not '1' or '0' or '2'.
The prints were:

java.lang.IllegalArgumentException: 5 > 3
	at java.base/java.util.Arrays.copyOfRange(Arrays.java:3782)
	at java.base/java.util.Arrays.copyOfRange(Arrays.java:3742)
	at ex5.utils.SubScopeExtractor.getSubScopeCodeBlock(SubScopeExtractor.java:35)
	at ex5.components.Scope.extractSubScopeCodeBlock(Scope.java:173)
	at ex5.components.Scope.parseCodeBlock(Scope.java:118)
	at ex5.main.Sjavac.main(Sjavac.java:28)
	at ex5.main.Tester_ex6_oop.runTestWithOnUser(Tester_ex6_oop.java:304)
	at ex5.main.Tester_ex6_oop.doOneTest(Tester_ex6_oop.java:209)
	at ex5.main.Tester_ex6_oop.runAllTests(Tester_ex6_oop.java:102)
	at java.base/jdk.internal.reflect.NativeMethodAccessorImpl.invoke0(Native Method)
	at java.base/jdk.internal.reflect.NativeMethodAccessorImpl.invoke(NativeMethodAccessorImpl.java:77)
	at java.base/jdk.internal.reflect.DelegatingMethodAccessorImpl.invoke(DelegatingMethodAccessorImpl.java:43)
	at java.base/java.lang.reflect.Method.invoke(Method.java:569)
	at org.junit.runners.model.FrameworkMethod$1.runReflectiveCall(FrameworkMethod.java:59)
	at org.junit.internal.runners.model.ReflectiveCallable.run(ReflectiveCallable.java:12)
	at org.junit.runners.model.FrameworkMethod.invokeExplosively(FrameworkMethod.java:56)
	at org.junit.internal.runners.statements.InvokeMethod.evaluate(InvokeMethod.java:17)
	at org.junit.runners.ParentRunner$3.evaluate(ParentRunner.java:306)
	at org.junit.runners.BlockJUnit4ClassRunner$1.evaluate(BlockJUnit4ClassRunner.java:100)
	at org.junit.runners.ParentRunner.runLeaf(ParentRunner.java:366)
	at org.junit.runners.BlockJUnit4ClassRunner.runChild(BlockJUnit4ClassRunner.java:103)
	at org.junit.runners.BlockJUnit4ClassRunner.runChild(BlockJUnit4ClassRunner.java:63)
	at org.junit.runners.ParentRunner$4.run(ParentRunner.java:331)
	at org.junit.runners.ParentRunner$1.schedule(ParentRunner.java:79)
	at org.junit.runners.ParentRunner.runChildren(ParentRunner.java:329)
	at org.junit.runners.ParentRunner.access$100(ParentRunner.java:66)
	at org.junit.runners.ParentRunner$2.evaluate(ParentRunner.java:293)
	at org.junit.runners.ParentRunner$3.evaluate(ParentRunner.java:306)
	at org.junit.runners.ParentRunner.run(ParentRunner.java:413)
	at org.junit.runner.JUnitCore.run(JUnitCore.java:137)
	at com.intellij.junit4.JUnit4IdeaTestRunner.startRunnerWithArgs(JUnit4IdeaTestRunner.java:69)
	at com.intellij.rt.junit.IdeaTestRunner$Repeater$1.execute(IdeaTestRunner.java:38)
	at com.intellij.rt.execution.junit.TestsRepeater.repeat(TestsRepeater.java:11)
	at com.intellij.rt.junit.IdeaTestRunner$Repeater.startRunnerWithArgs(IdeaTestRunner.java:35)
	at com.intellij.rt.junit.JUnitStarter.prepareStreamsAndStart(JUnitStarter.java:237)
	at com.intellij.rt.junit.JUnitStarter.main(JUnitStarter.java:58)


while testing \BaraksTests\methods\24.sjava, Your program printed something that is not '1' or '0' or '2'.
The prints were:

java.lang.IllegalArgumentException: 5 > 3
	at java.base/java.util.Arrays.copyOfRange(Arrays.java:3782)
	at java.base/java.util.Arrays.copyOfRange(Arrays.java:3742)
	at ex5.utils.SubScopeExtractor.getSubScopeCodeBlock(SubScopeExtractor.java:35)
	at ex5.components.Scope.extractSubScopeCodeBlock(Scope.java:173)
	at ex5.components.Scope.parseCodeBlock(Scope.java:118)
	at ex5.main.Sjavac.main(Sjavac.java:28)
	at ex5.main.Tester_ex6_oop.runTestWithOnUser(Tester_ex6_oop.java:304)
	at ex5.main.Tester_ex6_oop.doOneTest(Tester_ex6_oop.java:209)
	at ex5.main.Tester_ex6_oop.runAllTests(Tester_ex6_oop.java:102)
	at java.base/jdk.internal.reflect.NativeMethodAccessorImpl.invoke0(Native Method)
	at java.base/jdk.internal.reflect.NativeMethodAccessorImpl.invoke(NativeMethodAccessorImpl.java:77)
	at java.base/jdk.internal.reflect.DelegatingMethodAccessorImpl.invoke(DelegatingMethodAccessorImpl.java:43)
	at java.base/java.lang.reflect.Method.invoke(Method.java:569)
	at org.junit.runners.model.FrameworkMethod$1.runReflectiveCall(FrameworkMethod.java:59)
	at org.junit.internal.runners.model.ReflectiveCallable.run(ReflectiveCallable.java:12)
	at org.junit.runners.model.FrameworkMethod.invokeExplosively(FrameworkMethod.java:56)
	at org.junit.internal.runners.statements.InvokeMethod.evaluate(InvokeMethod.java:17)
	at org.junit.runners.ParentRunner$3.evaluate(ParentRunner.java:306)
	at org.junit.runners.BlockJUnit4ClassRunner$1.evaluate(BlockJUnit4ClassRunner.java:100)
	at org.junit.runners.ParentRunner.runLeaf(ParentRunner.java:366)
	at org.junit.runners.BlockJUnit4ClassRunner.runChild(BlockJUnit4ClassRunner.java:103)
	at org.junit.runners.BlockJUnit4ClassRunner.runChild(BlockJUnit4ClassRunner.java:63)
	at org.junit.runners.ParentRunner$4.run(ParentRunner.java:331)
	at org.junit.runners.ParentRunner$1.schedule(ParentRunner.java:79)
	at org.junit.runners.ParentRunner.runChildren(ParentRunner.java:329)
	at org.junit.runners.ParentRunner.access$100(ParentRunner.java:66)
	at org.junit.runners.ParentRunner$2.evaluate(ParentRunner.java:293)
	at org.junit.runners.ParentRunner$3.evaluate(ParentRunner.java:306)
	at org.junit.runners.ParentRunner.run(ParentRunner.java:413)
	at org.junit.runner.JUnitCore.run(JUnitCore.java:137)
	at com.intellij.junit4.JUnit4IdeaTestRunner.startRunnerWithArgs(JUnit4IdeaTestRunner.java:69)
	at com.intellij.rt.junit.IdeaTestRunner$Repeater$1.execute(IdeaTestRunner.java:38)
	at com.intellij.rt.execution.junit.TestsRepeater.repeat(TestsRepeater.java:11)
	at com.intellij.rt.junit.IdeaTestRunner$Repeater.startRunnerWithArgs(IdeaTestRunner.java:35)
	at com.intellij.rt.junit.JUnitStarter.prepareStreamsAndStart(JUnitStarter.java:237)
	at com.intellij.rt.junit.JUnitStarter.main(JUnitStarter.java:58)


while testing \BaraksTests\methods\25.sjava, Your program printed something that is not '1' or '0' or '2'.
The prints were:

java.lang.IllegalArgumentException: 5 > 3
	at java.base/java.util.Arrays.copyOfRange(Arrays.java:3782)
	at java.base/java.util.Arrays.copyOfRange(Arrays.java:3742)
	at ex5.utils.SubScopeExtractor.getSubScopeCodeBlock(SubScopeExtractor.java:35)
	at ex5.components.Scope.extractSubScopeCodeBlock(Scope.java:173)
	at ex5.components.Scope.parseCodeBlock(Scope.java:118)
	at ex5.main.Sjavac.main(Sjavac.java:28)
	at ex5.main.Tester_ex6_oop.runTestWithOnUser(Tester_ex6_oop.java:304)
	at ex5.main.Tester_ex6_oop.doOneTest(Tester_ex6_oop.java:209)
	at ex5.main.Tester_ex6_oop.runAllTests(Tester_ex6_oop.java:102)
	at java.base/jdk.internal.reflect.NativeMethodAccessorImpl.invoke0(Native Method)
	at java.base/jdk.internal.reflect.NativeMethodAccessorImpl.invoke(NativeMethodAccessorImpl.java:77)
	at java.base/jdk.internal.reflect.DelegatingMethodAccessorImpl.invoke(DelegatingMethodAccessorImpl.java:43)
	at java.base/java.lang.reflect.Method.invoke(Method.java:569)
	at org.junit.runners.model.FrameworkMethod$1.runReflectiveCall(FrameworkMethod.java:59)
	at org.junit.internal.runners.model.ReflectiveCallable.run(ReflectiveCallable.java:12)
	at org.junit.runners.model.FrameworkMethod.invokeExplosively(FrameworkMethod.java:56)
	at org.junit.internal.runners.statements.InvokeMethod.evaluate(InvokeMethod.java:17)
	at org.junit.runners.ParentRunner$3.evaluate(ParentRunner.java:306)
	at org.junit.runners.BlockJUnit4ClassRunner$1.evaluate(BlockJUnit4ClassRunner.java:100)
	at org.junit.runners.ParentRunner.runLeaf(ParentRunner.java:366)
	at org.junit.runners.BlockJUnit4ClassRunner.runChild(BlockJUnit4ClassRunner.java:103)
	at org.junit.runners.BlockJUnit4ClassRunner.runChild(BlockJUnit4ClassRunner.java:63)
	at org.junit.runners.ParentRunner$4.run(ParentRunner.java:331)
	at org.junit.runners.ParentRunner$1.schedule(ParentRunner.java:79)
	at org.junit.runners.ParentRunner.runChildren(ParentRunner.java:329)
	at org.junit.runners.ParentRunner.access$100(ParentRunner.java:66)
	at org.junit.runners.ParentRunner$2.evaluate(ParentRunner.java:293)
	at org.junit.runners.ParentRunner$3.evaluate(ParentRunner.java:306)
	at org.junit.runners.ParentRunner.run(ParentRunner.java:413)
	at org.junit.runner.JUnitCore.run(JUnitCore.java:137)
	at com.intellij.junit4.JUnit4IdeaTestRunner.startRunnerWithArgs(JUnit4IdeaTestRunner.java:69)
	at com.intellij.rt.junit.IdeaTestRunner$Repeater$1.execute(IdeaTestRunner.java:38)
	at com.intellij.rt.execution.junit.TestsRepeater.repeat(TestsRepeater.java:11)
	at com.intellij.rt.junit.IdeaTestRunner$Repeater.startRunnerWithArgs(IdeaTestRunner.java:35)
	at com.intellij.rt.junit.JUnitStarter.prepareStreamsAndStart(JUnitStarter.java:237)
	at com.intellij.rt.junit.JUnitStarter.main(JUnitStarter.java:58)


while testing \BaraksTests\methods\26.sjava, Your program printed something that is not '1' or '0' or '2'.
The prints were:

java.lang.IllegalArgumentException: 5 > 3
	at java.base/java.util.Arrays.copyOfRange(Arrays.java:3782)
	at java.base/java.util.Arrays.copyOfRange(Arrays.java:3742)
	at ex5.utils.SubScopeExtractor.getSubScopeCodeBlock(SubScopeExtractor.java:35)
	at ex5.components.Scope.extractSubScopeCodeBlock(Scope.java:173)
	at ex5.components.Scope.parseCodeBlock(Scope.java:118)
	at ex5.main.Sjavac.main(Sjavac.java:28)
	at ex5.main.Tester_ex6_oop.runTestWithOnUser(Tester_ex6_oop.java:304)
	at ex5.main.Tester_ex6_oop.doOneTest(Tester_ex6_oop.java:209)
	at ex5.main.Tester_ex6_oop.runAllTests(Tester_ex6_oop.java:102)
	at java.base/jdk.internal.reflect.NativeMethodAccessorImpl.invoke0(Native Method)
	at java.base/jdk.internal.reflect.NativeMethodAccessorImpl.invoke(NativeMethodAccessorImpl.java:77)
	at java.base/jdk.internal.reflect.DelegatingMethodAccessorImpl.invoke(DelegatingMethodAccessorImpl.java:43)
	at java.base/java.lang.reflect.Method.invoke(Method.java:569)
	at org.junit.runners.model.FrameworkMethod$1.runReflectiveCall(FrameworkMethod.java:59)
	at org.junit.internal.runners.model.ReflectiveCallable.run(ReflectiveCallable.java:12)
	at org.junit.runners.model.FrameworkMethod.invokeExplosively(FrameworkMethod.java:56)
	at org.junit.internal.runners.statements.InvokeMethod.evaluate(InvokeMethod.java:17)
	at org.junit.runners.ParentRunner$3.evaluate(ParentRunner.java:306)
	at org.junit.runners.BlockJUnit4ClassRunner$1.evaluate(BlockJUnit4ClassRunner.java:100)
	at org.junit.runners.ParentRunner.runLeaf(ParentRunner.java:366)
	at org.junit.runners.BlockJUnit4ClassRunner.runChild(BlockJUnit4ClassRunner.java:103)
	at org.junit.runners.BlockJUnit4ClassRunner.runChild(BlockJUnit4ClassRunner.java:63)
	at org.junit.runners.ParentRunner$4.run(ParentRunner.java:331)
	at org.junit.runners.ParentRunner$1.schedule(ParentRunner.java:79)
	at org.junit.runners.ParentRunner.runChildren(ParentRunner.java:329)
	at org.junit.runners.ParentRunner.access$100(ParentRunner.java:66)
	at org.junit.runners.ParentRunner$2.evaluate(ParentRunner.java:293)
	at org.junit.runners.ParentRunner$3.evaluate(ParentRunner.java:306)
	at org.junit.runners.ParentRunner.run(ParentRunner.java:413)
	at org.junit.runner.JUnitCore.run(JUnitCore.java:137)
	at com.intellij.junit4.JUnit4IdeaTestRunner.startRunnerWithArgs(JUnit4IdeaTestRunner.java:69)
	at com.intellij.rt.junit.IdeaTestRunner$Repeater$1.execute(IdeaTestRunner.java:38)
	at com.intellij.rt.execution.junit.TestsRepeater.repeat(TestsRepeater.java:11)
	at com.intellij.rt.junit.IdeaTestRunner$Repeater.startRunnerWithArgs(IdeaTestRunner.java:35)
	at com.intellij.rt.junit.JUnitStarter.prepareStreamsAndStart(JUnitStarter.java:237)
	at com.intellij.rt.junit.JUnitStarter.main(JUnitStarter.java:58)


while testing \BaraksTests\methods\27.sjava, Your program printed something that is not '1' or '0' or '2'.
The prints were:

java.lang.IllegalArgumentException: 5 > 4
	at java.base/java.util.Arrays.copyOfRange(Arrays.java:3782)
	at java.base/java.util.Arrays.copyOfRange(Arrays.java:3742)
	at ex5.utils.SubScopeExtractor.getSubScopeCodeBlock(SubScopeExtractor.java:35)
	at ex5.components.Scope.extractSubScopeCodeBlock(Scope.java:173)
	at ex5.components.Scope.parseCodeBlock(Scope.java:118)
	at ex5.main.Sjavac.main(Sjavac.java:28)
	at ex5.main.Tester_ex6_oop.runTestWithOnUser(Tester_ex6_oop.java:304)
	at ex5.main.Tester_ex6_oop.doOneTest(Tester_ex6_oop.java:209)
	at ex5.main.Tester_ex6_oop.runAllTests(Tester_ex6_oop.java:102)
	at java.base/jdk.internal.reflect.NativeMethodAccessorImpl.invoke0(Native Method)
	at java.base/jdk.internal.reflect.NativeMethodAccessorImpl.invoke(NativeMethodAccessorImpl.java:77)
	at java.base/jdk.internal.reflect.DelegatingMethodAccessorImpl.invoke(DelegatingMethodAccessorImpl.java:43)
	at java.base/java.lang.reflect.Method.invoke(Method.java:569)
	at org.junit.runners.model.FrameworkMethod$1.runReflectiveCall(FrameworkMethod.java:59)
	at org.junit.internal.runners.model.ReflectiveCallable.run(ReflectiveCallable.java:12)
	at org.junit.runners.model.FrameworkMethod.invokeExplosively(FrameworkMethod.java:56)
	at org.junit.internal.runners.statements.InvokeMethod.evaluate(InvokeMethod.java:17)
	at org.junit.runners.ParentRunner$3.evaluate(ParentRunner.java:306)
	at org.junit.runners.BlockJUnit4ClassRunner$1.evaluate(BlockJUnit4ClassRunner.java:100)
	at org.junit.runners.ParentRunner.runLeaf(ParentRunner.java:366)
	at org.junit.runners.BlockJUnit4ClassRunner.runChild(BlockJUnit4ClassRunner.java:103)
	at org.junit.runners.BlockJUnit4ClassRunner.runChild(BlockJUnit4ClassRunner.java:63)
	at org.junit.runners.ParentRunner$4.run(ParentRunner.java:331)
	at org.junit.runners.ParentRunner$1.schedule(ParentRunner.java:79)
	at org.junit.runners.ParentRunner.runChildren(ParentRunner.java:329)
	at org.junit.runners.ParentRunner.access$100(ParentRunner.java:66)
	at org.junit.runners.ParentRunner$2.evaluate(ParentRunner.java:293)
	at org.junit.runners.ParentRunner$3.evaluate(ParentRunner.java:306)
	at org.junit.runners.ParentRunner.run(ParentRunner.java:413)
	at org.junit.runner.JUnitCore.run(JUnitCore.java:137)
	at com.intellij.junit4.JUnit4IdeaTestRunner.startRunnerWithArgs(JUnit4IdeaTestRunner.java:69)
	at com.intellij.rt.junit.IdeaTestRunner$Repeater$1.execute(IdeaTestRunner.java:38)
	at com.intellij.rt.execution.junit.TestsRepeater.repeat(TestsRepeater.java:11)
	at com.intellij.rt.junit.IdeaTestRunner$Repeater.startRunnerWithArgs(IdeaTestRunner.java:35)
	at com.intellij.rt.junit.JUnitStarter.prepareStreamsAndStart(JUnitStarter.java:237)
	at com.intellij.rt.junit.JUnitStarter.main(JUnitStarter.java:58)


while testing \BaraksTests\methods\28.sjava, Your program printed something that is not '1' or '0' or '2'.
The prints were:

java.lang.IllegalArgumentException: 5 > 4
	at java.base/java.util.Arrays.copyOfRange(Arrays.java:3782)
	at java.base/java.util.Arrays.copyOfRange(Arrays.java:3742)
	at ex5.utils.SubScopeExtractor.getSubScopeCodeBlock(SubScopeExtractor.java:35)
	at ex5.components.Scope.extractSubScopeCodeBlock(Scope.java:173)
	at ex5.components.Scope.parseCodeBlock(Scope.java:118)
	at ex5.main.Sjavac.main(Sjavac.java:28)
	at ex5.main.Tester_ex6_oop.runTestWithOnUser(Tester_ex6_oop.java:304)
	at ex5.main.Tester_ex6_oop.doOneTest(Tester_ex6_oop.java:209)
	at ex5.main.Tester_ex6_oop.runAllTests(Tester_ex6_oop.java:102)
	at java.base/jdk.internal.reflect.NativeMethodAccessorImpl.invoke0(Native Method)
	at java.base/jdk.internal.reflect.NativeMethodAccessorImpl.invoke(NativeMethodAccessorImpl.java:77)
	at java.base/jdk.internal.reflect.DelegatingMethodAccessorImpl.invoke(DelegatingMethodAccessorImpl.java:43)
	at java.base/java.lang.reflect.Method.invoke(Method.java:569)
	at org.junit.runners.model.FrameworkMethod$1.runReflectiveCall(FrameworkMethod.java:59)
	at org.junit.internal.runners.model.ReflectiveCallable.run(ReflectiveCallable.java:12)
	at org.junit.runners.model.FrameworkMethod.invokeExplosively(FrameworkMethod.java:56)
	at org.junit.internal.runners.statements.InvokeMethod.evaluate(InvokeMethod.java:17)
	at org.junit.runners.ParentRunner$3.evaluate(ParentRunner.java:306)
	at org.junit.runners.BlockJUnit4ClassRunner$1.evaluate(BlockJUnit4ClassRunner.java:100)
	at org.junit.runners.ParentRunner.runLeaf(ParentRunner.java:366)
	at org.junit.runners.BlockJUnit4ClassRunner.runChild(BlockJUnit4ClassRunner.java:103)
	at org.junit.runners.BlockJUnit4ClassRunner.runChild(BlockJUnit4ClassRunner.java:63)
	at org.junit.runners.ParentRunner$4.run(ParentRunner.java:331)
	at org.junit.runners.ParentRunner$1.schedule(ParentRunner.java:79)
	at org.junit.runners.ParentRunner.runChildren(ParentRunner.java:329)
	at org.junit.runners.ParentRunner.access$100(ParentRunner.java:66)
	at org.junit.runners.ParentRunner$2.evaluate(ParentRunner.java:293)
	at org.junit.runners.ParentRunner$3.evaluate(ParentRunner.java:306)
	at org.junit.runners.ParentRunner.run(ParentRunner.java:413)
	at org.junit.runner.JUnitCore.run(JUnitCore.java:137)
	at com.intellij.junit4.JUnit4IdeaTestRunner.startRunnerWithArgs(JUnit4IdeaTestRunner.java:69)
	at com.intellij.rt.junit.IdeaTestRunner$Repeater$1.execute(IdeaTestRunner.java:38)
	at com.intellij.rt.execution.junit.TestsRepeater.repeat(TestsRepeater.java:11)
	at com.intellij.rt.junit.IdeaTestRunner$Repeater.startRunnerWithArgs(IdeaTestRunner.java:35)
	at com.intellij.rt.junit.JUnitStarter.prepareStreamsAndStart(JUnitStarter.java:237)
	at com.intellij.rt.junit.JUnitStarter.main(JUnitStarter.java:58)


while testing \BaraksTests\methods\29.sjava, Your program printed something that is not '1' or '0' or '2'.
The prints were:

java.lang.IllegalArgumentException: 5 > 4
	at java.base/java.util.Arrays.copyOfRange(Arrays.java:3782)
	at java.base/java.util.Arrays.copyOfRange(Arrays.java:3742)
	at ex5.utils.SubScopeExtractor.getSubScopeCodeBlock(SubScopeExtractor.java:35)
	at ex5.components.Scope.extractSubScopeCodeBlock(Scope.java:173)
	at ex5.components.Scope.parseCodeBlock(Scope.java:118)
	at ex5.main.Sjavac.main(Sjavac.java:28)
	at ex5.main.Tester_ex6_oop.runTestWithOnUser(Tester_ex6_oop.java:304)
	at ex5.main.Tester_ex6_oop.doOneTest(Tester_ex6_oop.java:209)
	at ex5.main.Tester_ex6_oop.runAllTests(Tester_ex6_oop.java:102)
	at java.base/jdk.internal.reflect.NativeMethodAccessorImpl.invoke0(Native Method)
	at java.base/jdk.internal.reflect.NativeMethodAccessorImpl.invoke(NativeMethodAccessorImpl.java:77)
	at java.base/jdk.internal.reflect.DelegatingMethodAccessorImpl.invoke(DelegatingMethodAccessorImpl.java:43)
	at java.base/java.lang.reflect.Method.invoke(Method.java:569)
	at org.junit.runners.model.FrameworkMethod$1.runReflectiveCall(FrameworkMethod.java:59)
	at org.junit.internal.runners.model.ReflectiveCallable.run(ReflectiveCallable.java:12)
	at org.junit.runners.model.FrameworkMethod.invokeExplosively(FrameworkMethod.java:56)
	at org.junit.internal.runners.statements.InvokeMethod.evaluate(InvokeMethod.java:17)
	at org.junit.runners.ParentRunner$3.evaluate(ParentRunner.java:306)
	at org.junit.runners.BlockJUnit4ClassRunner$1.evaluate(BlockJUnit4ClassRunner.java:100)
	at org.junit.runners.ParentRunner.runLeaf(ParentRunner.java:366)
	at org.junit.runners.BlockJUnit4ClassRunner.runChild(BlockJUnit4ClassRunner.java:103)
	at org.junit.runners.BlockJUnit4ClassRunner.runChild(BlockJUnit4ClassRunner.java:63)
	at org.junit.runners.ParentRunner$4.run(ParentRunner.java:331)
	at org.junit.runners.ParentRunner$1.schedule(ParentRunner.java:79)
	at org.junit.runners.ParentRunner.runChildren(ParentRunner.java:329)
	at org.junit.runners.ParentRunner.access$100(ParentRunner.java:66)
	at org.junit.runners.ParentRunner$2.evaluate(ParentRunner.java:293)
	at org.junit.runners.ParentRunner$3.evaluate(ParentRunner.java:306)
	at org.junit.runners.ParentRunner.run(ParentRunner.java:413)
	at org.junit.runner.JUnitCore.run(JUnitCore.java:137)
	at com.intellij.junit4.JUnit4IdeaTestRunner.startRunnerWithArgs(JUnit4IdeaTestRunner.java:69)
	at com.intellij.rt.junit.IdeaTestRunner$Repeater$1.execute(IdeaTestRunner.java:38)
	at com.intellij.rt.execution.junit.TestsRepeater.repeat(TestsRepeater.java:11)
	at com.intellij.rt.junit.IdeaTestRunner$Repeater.startRunnerWithArgs(IdeaTestRunner.java:35)
	at com.intellij.rt.junit.JUnitStarter.prepareStreamsAndStart(JUnitStarter.java:237)
	at com.intellij.rt.junit.JUnitStarter.main(JUnitStarter.java:58)


while testing \BaraksTests\methods\31.sjava, Your program printed something that is not '1' or '0' or '2'.
The prints were:

java.lang.IllegalArgumentException: 6 > 4
	at java.base/java.util.Arrays.copyOfRange(Arrays.java:3782)
	at java.base/java.util.Arrays.copyOfRange(Arrays.java:3742)
	at ex5.utils.SubScopeExtractor.getSubScopeCodeBlock(SubScopeExtractor.java:35)
	at ex5.components.Scope.extractSubScopeCodeBlock(Scope.java:173)
	at ex5.components.Scope.parseCodeBlock(Scope.java:118)
	at ex5.main.Sjavac.main(Sjavac.java:28)
	at ex5.main.Tester_ex6_oop.runTestWithOnUser(Tester_ex6_oop.java:304)
	at ex5.main.Tester_ex6_oop.doOneTest(Tester_ex6_oop.java:209)
	at ex5.main.Tester_ex6_oop.runAllTests(Tester_ex6_oop.java:102)
	at java.base/jdk.internal.reflect.NativeMethodAccessorImpl.invoke0(Native Method)
	at java.base/jdk.internal.reflect.NativeMethodAccessorImpl.invoke(NativeMethodAccessorImpl.java:77)
	at java.base/jdk.internal.reflect.DelegatingMethodAccessorImpl.invoke(DelegatingMethodAccessorImpl.java:43)
	at java.base/java.lang.reflect.Method.invoke(Method.java:569)
	at org.junit.runners.model.FrameworkMethod$1.runReflectiveCall(FrameworkMethod.java:59)
	at org.junit.internal.runners.model.ReflectiveCallable.run(ReflectiveCallable.java:12)
	at org.junit.runners.model.FrameworkMethod.invokeExplosively(FrameworkMethod.java:56)
	at org.junit.internal.runners.statements.InvokeMethod.evaluate(InvokeMethod.java:17)
	at org.junit.runners.ParentRunner$3.evaluate(ParentRunner.java:306)
	at org.junit.runners.BlockJUnit4ClassRunner$1.evaluate(BlockJUnit4ClassRunner.java:100)
	at org.junit.runners.ParentRunner.runLeaf(ParentRunner.java:366)
	at org.junit.runners.BlockJUnit4ClassRunner.runChild(BlockJUnit4ClassRunner.java:103)
	at org.junit.runners.BlockJUnit4ClassRunner.runChild(BlockJUnit4ClassRunner.java:63)
	at org.junit.runners.ParentRunner$4.run(ParentRunner.java:331)
	at org.junit.runners.ParentRunner$1.schedule(ParentRunner.java:79)
	at org.junit.runners.ParentRunner.runChildren(ParentRunner.java:329)
	at org.junit.runners.ParentRunner.access$100(ParentRunner.java:66)
	at org.junit.runners.ParentRunner$2.evaluate(ParentRunner.java:293)
	at org.junit.runners.ParentRunner$3.evaluate(ParentRunner.java:306)
	at org.junit.runners.ParentRunner.run(ParentRunner.java:413)
	at org.junit.runner.JUnitCore.run(JUnitCore.java:137)
	at com.intellij.junit4.JUnit4IdeaTestRunner.startRunnerWithArgs(JUnit4IdeaTestRunner.java:69)
	at com.intellij.rt.junit.IdeaTestRunner$Repeater$1.execute(IdeaTestRunner.java:38)
	at com.intellij.rt.execution.junit.TestsRepeater.repeat(TestsRepeater.java:11)
	at com.intellij.rt.junit.IdeaTestRunner$Repeater.startRunnerWithArgs(IdeaTestRunner.java:35)
	at com.intellij.rt.junit.JUnitStarter.prepareStreamsAndStart(JUnitStarter.java:237)
	at com.intellij.rt.junit.JUnitStarter.main(JUnitStarter.java:58)


while testing \BaraksTests\methods\32.sjava, Your program printed something that is not '1' or '0' or '2'.
The prints were:

java.lang.IllegalArgumentException: 6 > 2
	at java.base/java.util.Arrays.copyOfRange(Arrays.java:3782)
	at java.base/java.util.Arrays.copyOfRange(Arrays.java:3742)
	at ex5.utils.SubScopeExtractor.getSubScopeCodeBlock(SubScopeExtractor.java:35)
	at ex5.components.Scope.extractSubScopeCodeBlock(Scope.java:173)
	at ex5.components.Scope.parseCodeBlock(Scope.java:118)
	at ex5.main.Sjavac.main(Sjavac.java:28)
	at ex5.main.Tester_ex6_oop.runTestWithOnUser(Tester_ex6_oop.java:304)
	at ex5.main.Tester_ex6_oop.doOneTest(Tester_ex6_oop.java:209)
	at ex5.main.Tester_ex6_oop.runAllTests(Tester_ex6_oop.java:102)
	at java.base/jdk.internal.reflect.NativeMethodAccessorImpl.invoke0(Native Method)
	at java.base/jdk.internal.reflect.NativeMethodAccessorImpl.invoke(NativeMethodAccessorImpl.java:77)
	at java.base/jdk.internal.reflect.DelegatingMethodAccessorImpl.invoke(DelegatingMethodAccessorImpl.java:43)
	at java.base/java.lang.reflect.Method.invoke(Method.java:569)
	at org.junit.runners.model.FrameworkMethod$1.runReflectiveCall(FrameworkMethod.java:59)
	at org.junit.internal.runners.model.ReflectiveCallable.run(ReflectiveCallable.java:12)
	at org.junit.runners.model.FrameworkMethod.invokeExplosively(FrameworkMethod.java:56)
	at org.junit.internal.runners.statements.InvokeMethod.evaluate(InvokeMethod.java:17)
	at org.junit.runners.ParentRunner$3.evaluate(ParentRunner.java:306)
	at org.junit.runners.BlockJUnit4ClassRunner$1.evaluate(BlockJUnit4ClassRunner.java:100)
	at org.junit.runners.ParentRunner.runLeaf(ParentRunner.java:366)
	at org.junit.runners.BlockJUnit4ClassRunner.runChild(BlockJUnit4ClassRunner.java:103)
	at org.junit.runners.BlockJUnit4ClassRunner.runChild(BlockJUnit4ClassRunner.java:63)
	at org.junit.runners.ParentRunner$4.run(ParentRunner.java:331)
	at org.junit.runners.ParentRunner$1.schedule(ParentRunner.java:79)
	at org.junit.runners.ParentRunner.runChildren(ParentRunner.java:329)
	at org.junit.runners.ParentRunner.access$100(ParentRunner.java:66)
	at org.junit.runners.ParentRunner$2.evaluate(ParentRunner.java:293)
	at org.junit.runners.ParentRunner$3.evaluate(ParentRunner.java:306)
	at org.junit.runners.ParentRunner.run(ParentRunner.java:413)
	at org.junit.runner.JUnitCore.run(JUnitCore.java:137)
	at com.intellij.junit4.JUnit4IdeaTestRunner.startRunnerWithArgs(JUnit4IdeaTestRunner.java:69)
	at com.intellij.rt.junit.IdeaTestRunner$Repeater$1.execute(IdeaTestRunner.java:38)
	at com.intellij.rt.execution.junit.TestsRepeater.repeat(TestsRepeater.java:11)
	at com.intellij.rt.junit.IdeaTestRunner$Repeater.startRunnerWithArgs(IdeaTestRunner.java:35)
	at com.intellij.rt.junit.JUnitStarter.prepareStreamsAndStart(JUnitStarter.java:237)
	at com.intellij.rt.junit.JUnitStarter.main(JUnitStarter.java:58)

0		1		failed		\BaraksTests\methods\33.sjava		##################################
0		1		failed		\BaraksTests\methods\34.sjava		##################################
1		1		passed		\BaraksTests\methods\35.sjava		
1		1		passed		\BaraksTests\methods\37.sjava		
0		0		passed		\BaraksTests\return\01.sjava		
0		0		passed		\BaraksTests\return\02.sjava		
1		1		passed		\BaraksTests\return\03.sjava		
1		1		passed		\BaraksTests\return\04.sjava		
1		1		passed		\BaraksTests\return\05.sjava		
1		1		passed		\BaraksTests\return\06.sjava		
0		1		failed		\BaraksTests\return\07.sjava		##################################
0		1		failed		\BaraksTests\return\08.sjava		##################################
0		1		failed		\BaraksTests\return\09.sjava		##################################
1		0		failed		\BaraksTests\return\10.sjava		##################################
0		1		failed		\BaraksTests\return\11.sjava		##################################
1		1		passed		\BaraksTests\return\12.sjava		
1		1		passed		\BaraksTests\return\13.sjava		
0		0		passed		\BaraksTests\return\14.sjava		
0		0		passed		\BaraksTests\structure\01.sjava		
1		1		passed		\BaraksTests\structure\02.sjava		
1		1		passed		\BaraksTests\structure\03.sjava		
0		0		passed		\BaraksTests\structure\04.sjava		
0		0		passed		\BaraksTests\structure\05.sjava		
0		0		passed		\BaraksTests\structure\06.sjava		
0		0		passed		\BaraksTests\structure\07.sjava		
0		0		passed		\BaraksTests\structure\08.sjava		
1		1		passed		\BaraksTests\structure\09.sjava		
1		1		passed		\BaraksTests\structure\10.sjava		
1		1		passed		\BaraksTests\structure\11.sjava		
1		1		passed		\BaraksTests\structure\12.sjava		
1		1		passed		\BaraksTests\structure\13.sjava		
1		1		passed		\BaraksTests\structure\14.sjava		
1		1		passed		\BaraksTests\structure\15.sjava		
1		1		passed		\BaraksTests\structure\16.sjava		
1		1		passed		\BaraksTests\structure\17.sjava		
1		1		passed		\BaraksTests\structure\18.sjava		

while testing \BaraksTests\structure\19.sjava, Your program printed something that is not '1' or '0' or '2'.
The prints were:

java.lang.IllegalArgumentException: 1 > 0
	at java.base/java.util.Arrays.copyOfRange(Arrays.java:3782)
	at java.base/java.util.Arrays.copyOfRange(Arrays.java:3742)
	at ex5.utils.SubScopeExtractor.getSubScopeCodeBlock(SubScopeExtractor.java:35)
	at ex5.components.Scope.extractSubScopeCodeBlock(Scope.java:173)
	at ex5.components.Scope.parseCodeBlock(Scope.java:118)
	at ex5.main.Sjavac.main(Sjavac.java:28)
	at ex5.main.Tester_ex6_oop.runTestWithOnUser(Tester_ex6_oop.java:304)
	at ex5.main.Tester_ex6_oop.doOneTest(Tester_ex6_oop.java:209)
	at ex5.main.Tester_ex6_oop.runAllTests(Tester_ex6_oop.java:102)
	at java.base/jdk.internal.reflect.NativeMethodAccessorImpl.invoke0(Native Method)
	at java.base/jdk.internal.reflect.NativeMethodAccessorImpl.invoke(NativeMethodAccessorImpl.java:77)
	at java.base/jdk.internal.reflect.DelegatingMethodAccessorImpl.invoke(DelegatingMethodAccessorImpl.java:43)
	at java.base/java.lang.reflect.Method.invoke(Method.java:569)
	at org.junit.runners.model.FrameworkMethod$1.runReflectiveCall(FrameworkMethod.java:59)
	at org.junit.internal.runners.model.ReflectiveCallable.run(ReflectiveCallable.java:12)
	at org.junit.runners.model.FrameworkMethod.invokeExplosively(FrameworkMethod.java:56)
	at org.junit.internal.runners.statements.InvokeMethod.evaluate(InvokeMethod.java:17)
	at org.junit.runners.ParentRunner$3.evaluate(ParentRunner.java:306)
	at org.junit.runners.BlockJUnit4ClassRunner$1.evaluate(BlockJUnit4ClassRunner.java:100)
	at org.junit.runners.ParentRunner.runLeaf(ParentRunner.java:366)
	at org.junit.runners.BlockJUnit4ClassRunner.runChild(BlockJUnit4ClassRunner.java:103)
	at org.junit.runners.BlockJUnit4ClassRunner.runChild(BlockJUnit4ClassRunner.java:63)
	at org.junit.runners.ParentRunner$4.run(ParentRunner.java:331)
	at org.junit.runners.ParentRunner$1.schedule(ParentRunner.java:79)
	at org.junit.runners.ParentRunner.runChildren(ParentRunner.java:329)
	at org.junit.runners.ParentRunner.access$100(ParentRunner.java:66)
	at org.junit.runners.ParentRunner$2.evaluate(ParentRunner.java:293)
	at org.junit.runners.ParentRunner$3.evaluate(ParentRunner.java:306)
	at org.junit.runners.ParentRunner.run(ParentRunner.java:413)
	at org.junit.runner.JUnitCore.run(JUnitCore.java:137)
	at com.intellij.junit4.JUnit4IdeaTestRunner.startRunnerWithArgs(JUnit4IdeaTestRunner.java:69)
	at com.intellij.rt.junit.IdeaTestRunner$Repeater$1.execute(IdeaTestRunner.java:38)
	at com.intellij.rt.execution.junit.TestsRepeater.repeat(TestsRepeater.java:11)
	at com.intellij.rt.junit.IdeaTestRunner$Repeater.startRunnerWithArgs(IdeaTestRunner.java:35)
	at com.intellij.rt.junit.JUnitStarter.prepareStreamsAndStart(JUnitStarter.java:237)
	at com.intellij.rt.junit.JUnitStarter.main(JUnitStarter.java:58)

1		0		failed		\BaraksTests\structure\20.sjava		##################################
1		1		passed		\BaraksTests\structure\21.sjava		

while testing \BaraksTests\structure\22.sjava, Your program printed something that is not '1' or '0' or '2'.
The prints were:

java.lang.IllegalArgumentException: 1 > 0
	at java.base/java.util.Arrays.copyOfRange(Arrays.java:3782)
	at java.base/java.util.Arrays.copyOfRange(Arrays.java:3742)
	at ex5.utils.SubScopeExtractor.getSubScopeCodeBlock(SubScopeExtractor.java:35)
	at ex5.components.Scope.extractSubScopeCodeBlock(Scope.java:173)
	at ex5.components.Scope.parseCodeBlock(Scope.java:118)
	at ex5.main.Sjavac.main(Sjavac.java:28)
	at ex5.main.Tester_ex6_oop.runTestWithOnUser(Tester_ex6_oop.java:304)
	at ex5.main.Tester_ex6_oop.doOneTest(Tester_ex6_oop.java:209)
	at ex5.main.Tester_ex6_oop.runAllTests(Tester_ex6_oop.java:102)
	at java.base/jdk.internal.reflect.NativeMethodAccessorImpl.invoke0(Native Method)
	at java.base/jdk.internal.reflect.NativeMethodAccessorImpl.invoke(NativeMethodAccessorImpl.java:77)
	at java.base/jdk.internal.reflect.DelegatingMethodAccessorImpl.invoke(DelegatingMethodAccessorImpl.java:43)
	at java.base/java.lang.reflect.Method.invoke(Method.java:569)
	at org.junit.runners.model.FrameworkMethod$1.runReflectiveCall(FrameworkMethod.java:59)
	at org.junit.internal.runners.model.ReflectiveCallable.run(ReflectiveCallable.java:12)
	at org.junit.runners.model.FrameworkMethod.invokeExplosively(FrameworkMethod.java:56)
	at org.junit.internal.runners.statements.InvokeMethod.evaluate(InvokeMethod.java:17)
	at org.junit.runners.ParentRunner$3.evaluate(ParentRunner.java:306)
	at org.junit.runners.BlockJUnit4ClassRunner$1.evaluate(BlockJUnit4ClassRunner.java:100)
	at org.junit.runners.ParentRunner.runLeaf(ParentRunner.java:366)
	at org.junit.runners.BlockJUnit4ClassRunner.runChild(BlockJUnit4ClassRunner.java:103)
	at org.junit.runners.BlockJUnit4ClassRunner.runChild(BlockJUnit4ClassRunner.java:63)
	at org.junit.runners.ParentRunner$4.run(ParentRunner.java:331)
	at org.junit.runners.ParentRunner$1.schedule(ParentRunner.java:79)
	at org.junit.runners.ParentRunner.runChildren(ParentRunner.java:329)
	at org.junit.runners.ParentRunner.access$100(ParentRunner.java:66)
	at org.junit.runners.ParentRunner$2.evaluate(ParentRunner.java:293)
	at org.junit.runners.ParentRunner$3.evaluate(ParentRunner.java:306)
	at org.junit.runners.ParentRunner.run(ParentRunner.java:413)
	at org.junit.runner.JUnitCore.run(JUnitCore.java:137)
	at com.intellij.junit4.JUnit4IdeaTestRunner.startRunnerWithArgs(JUnit4IdeaTestRunner.java:69)
	at com.intellij.rt.junit.IdeaTestRunner$Repeater$1.execute(IdeaTestRunner.java:38)
	at com.intellij.rt.execution.junit.TestsRepeater.repeat(TestsRepeater.java:11)
	at com.intellij.rt.junit.IdeaTestRunner$Repeater.startRunnerWithArgs(IdeaTestRunner.java:35)
	at com.intellij.rt.junit.JUnitStarter.prepareStreamsAndStart(JUnitStarter.java:237)
	at com.intellij.rt.junit.JUnitStarter.main(JUnitStarter.java:58)


while testing \BaraksTests\structure\23.sjava, Your program printed something that is not '1' or '0' or '2'.
The prints were:

java.lang.IllegalArgumentException: 1 > 0
	at java.base/java.util.Arrays.copyOfRange(Arrays.java:3782)
	at java.base/java.util.Arrays.copyOfRange(Arrays.java:3742)
	at ex5.utils.SubScopeExtractor.getSubScopeCodeBlock(SubScopeExtractor.java:35)
	at ex5.components.Scope.extractSubScopeCodeBlock(Scope.java:173)
	at ex5.components.Scope.parseCodeBlock(Scope.java:118)
	at ex5.main.Sjavac.main(Sjavac.java:28)
	at ex5.main.Tester_ex6_oop.runTestWithOnUser(Tester_ex6_oop.java:304)
	at ex5.main.Tester_ex6_oop.doOneTest(Tester_ex6_oop.java:209)
	at ex5.main.Tester_ex6_oop.runAllTests(Tester_ex6_oop.java:102)
	at java.base/jdk.internal.reflect.NativeMethodAccessorImpl.invoke0(Native Method)
	at java.base/jdk.internal.reflect.NativeMethodAccessorImpl.invoke(NativeMethodAccessorImpl.java:77)
	at java.base/jdk.internal.reflect.DelegatingMethodAccessorImpl.invoke(DelegatingMethodAccessorImpl.java:43)
	at java.base/java.lang.reflect.Method.invoke(Method.java:569)
	at org.junit.runners.model.FrameworkMethod$1.runReflectiveCall(FrameworkMethod.java:59)
	at org.junit.internal.runners.model.ReflectiveCallable.run(ReflectiveCallable.java:12)
	at org.junit.runners.model.FrameworkMethod.invokeExplosively(FrameworkMethod.java:56)
	at org.junit.internal.runners.statements.InvokeMethod.evaluate(InvokeMethod.java:17)
	at org.junit.runners.ParentRunner$3.evaluate(ParentRunner.java:306)
	at org.junit.runners.BlockJUnit4ClassRunner$1.evaluate(BlockJUnit4ClassRunner.java:100)
	at org.junit.runners.ParentRunner.runLeaf(ParentRunner.java:366)
	at org.junit.runners.BlockJUnit4ClassRunner.runChild(BlockJUnit4ClassRunner.java:103)
	at org.junit.runners.BlockJUnit4ClassRunner.runChild(BlockJUnit4ClassRunner.java:63)
	at org.junit.runners.ParentRunner$4.run(ParentRunner.java:331)
	at org.junit.runners.ParentRunner$1.schedule(ParentRunner.java:79)
	at org.junit.runners.ParentRunner.runChildren(ParentRunner.java:329)
	at org.junit.runners.ParentRunner.access$100(ParentRunner.java:66)
	at org.junit.runners.ParentRunner$2.evaluate(ParentRunner.java:293)
	at org.junit.runners.ParentRunner$3.evaluate(ParentRunner.java:306)
	at org.junit.runners.ParentRunner.run(ParentRunner.java:413)
	at org.junit.runner.JUnitCore.run(JUnitCore.java:137)
	at com.intellij.junit4.JUnit4IdeaTestRunner.startRunnerWithArgs(JUnit4IdeaTestRunner.java:69)
	at com.intellij.rt.junit.IdeaTestRunner$Repeater$1.execute(IdeaTestRunner.java:38)
	at com.intellij.rt.execution.junit.TestsRepeater.repeat(TestsRepeater.java:11)
	at com.intellij.rt.junit.IdeaTestRunner$Repeater.startRunnerWithArgs(IdeaTestRunner.java:35)
	at com.intellij.rt.junit.JUnitStarter.prepareStreamsAndStart(JUnitStarter.java:237)
	at com.intellij.rt.junit.JUnitStarter.main(JUnitStarter.java:58)

1		1		passed		\BaraksTests\structure\24.sjava		
1		1		passed		\BaraksTests\structure\25.sjava		
0		0		passed		\BaraksTests\variables\01.sjava		
0		1		failed		\BaraksTests\variables\02.sjava		##################################
1		1		passed		\BaraksTests\variables\03.sjava		
1		1		passed		\BaraksTests\variables\04.sjava		
1		1		passed		\BaraksTests\variables\05.sjava		
1		1		passed		\BaraksTests\variables\06.sjava		
1		1		passed		\BaraksTests\variables\07.sjava		
1		1		passed		\BaraksTests\variables\08.sjava		
1		1		passed		\BaraksTests\variables\09.sjava		
1		1		passed		\BaraksTests\variables\10.sjava		
1		1		passed		\BaraksTests\variables\11.sjava		
1		1		passed		\BaraksTests\variables\12.sjava		
1		1		passed		\BaraksTests\variables\13.sjava		
1		1		passed		\BaraksTests\variables\14.sjava		
1		1		passed		\BaraksTests\variables\15.sjava		
0		1		failed		\BaraksTests\variables\16.sjava		##################################
1		1		passed		\BaraksTests\variables\17.sjava		
1		1		passed		\BaraksTests\variables\18.sjava		
0		1		failed		\BaraksTests\variables\19.sjava		##################################
0		1		failed		\BaraksTests\variables\20.sjava		##################################
0		1		failed		\BaraksTests\variables\21.sjava		##################################
0		1		failed		\BaraksTests\variables\22.sjava		##################################
0		1		failed		\BaraksTests\variables\23.sjava		##################################
1		1		passed		\BaraksTests\variables\24.sjava		
1		1		passed		\BaraksTests\variables\25.sjava		
1		1		passed		\BaraksTests\variables\26.sjava		
0		0		passed		\BaraksTests\variables\27.sjava		
1		0		failed		\BaraksTests\variables\28.sjava		##################################
1		1		passed		\BaraksTests\variables\29.sjava		
1		1		passed		\BaraksTests\variables\30.sjava		
1		1		passed		\BaraksTests\variables\31.sjava		
1		1		passed		\BaraksTests\variables\32.sjava		
1		1		passed		\BaraksTests\variables\33.sjava		
1		1		passed		\BaraksTests\variables\34.sjava		
0		0		passed		\BaraksTests\variables\35.sjava		
1		1		passed		\BaraksTests\variables\36.sjava		
1		1		passed		\BaraksTests\variables\37.sjava		
